<?xml version="1.0" encoding="UTF-8"?>
<!-- Generated by org.testng.reporters.JUnitReportReporter -->
<testsuite hostname="DESKTOP-352SGAD" failures="0" tests="8" name="com.sgtesting.actitime.scenarios.Assignment1ObjectModel" time="35.394" errors="0" timestamp="2021-11-16T14:58:28 IST" skipped="0">
  <testcase classname="com.sgtesting.actitime.scenarios.Assignment1ObjectModel" name="launchBrowser" time="2.356"/>
  <system-out/>
  <testcase classname="com.sgtesting.actitime.scenarios.Assignment1ObjectModel" name="navigate" time="1.599"/>
  <system-out/>
  <testcase classname="com.sgtesting.actitime.scenarios.Assignment1ObjectModel" name="login" time="5.260"/>
  <system-out/>
  <testcase classname="com.sgtesting.actitime.scenarios.Assignment1ObjectModel" name="minimizeFlyOutWindow" time="2.071"/>
  <system-out/>
  <testcase classname="com.sgtesting.actitime.scenarios.Assignment1ObjectModel" name="createUser1" time="10.069"/>
  <system-out/>
  <testcase classname="com.sgtesting.actitime.scenarios.Assignment1ObjectModel" name="deleteUser1" time="11.341"/>
  <system-out/>
  <testcase classname="com.sgtesting.actitime.scenarios.Assignment1ObjectModel" name="logout" time="2.345"/>
  <system-out/>
  <testcase classname="com.sgtesting.actitime.scenarios.Assignment1ObjectModel" name="closeApplication" time="0.353"/>
  <system-out/>
</testsuite> <!-- com.sgtesting.actitime.scenarios.Assignment1ObjectModel -->
