<?xml version="1.0" encoding="UTF-8"?>
<!-- Generated by org.testng.reporters.JUnitReportReporter -->
<testsuite hostname="DESKTOP-352SGAD" failures="0" tests="12" name="com.sgtesting.actitime.scenarios.Assignment7ObjectModel" time="62.254" errors="0" timestamp="2021-11-16T14:58:28 IST" skipped="0">
  <testcase classname="com.sgtesting.actitime.scenarios.Assignment7ObjectModel" name="launchBrowser" time="1.247"/>
  <system-out/>
  <testcase classname="com.sgtesting.actitime.scenarios.Assignment7ObjectModel" name="navigate" time="2.064"/>
  <system-out/>
  <testcase classname="com.sgtesting.actitime.scenarios.Assignment7ObjectModel" name="login" time="5.233"/>
  <system-out/>
  <testcase classname="com.sgtesting.actitime.scenarios.Assignment7ObjectModel" name="minimizeFlyOutWindow" time="2.053"/>
  <system-out/>
  <testcase classname="com.sgtesting.actitime.scenarios.Assignment7ObjectModel" name="createcustomer" time="8.090"/>
  <system-out/>
  <testcase classname="com.sgtesting.actitime.scenarios.Assignment7ObjectModel" name="createproject" time="5.625"/>
  <system-out/>
  <testcase classname="com.sgtesting.actitime.scenarios.Assignment7ObjectModel" name="createTask" time="10.666"/>
  <system-out/>
  <testcase classname="com.sgtesting.actitime.scenarios.Assignment7ObjectModel" name="deleteTask" time="10.546"/>
  <system-out/>
  <testcase classname="com.sgtesting.actitime.scenarios.Assignment7ObjectModel" name="deleteproject" time="7.107"/>
  <system-out/>
  <testcase classname="com.sgtesting.actitime.scenarios.Assignment7ObjectModel" name="deletecustomer" time="7.008"/>
  <system-out/>
  <testcase classname="com.sgtesting.actitime.scenarios.Assignment7ObjectModel" name="logout" time="2.307"/>
  <system-out/>
  <testcase classname="com.sgtesting.actitime.scenarios.Assignment7ObjectModel" name="closeApplication" time="0.308"/>
  <system-out/>
</testsuite> <!-- com.sgtesting.actitime.scenarios.Assignment7ObjectModel -->
