<?xml version="1.0" encoding="UTF-8"?>
<!-- Generated by org.testng.reporters.JUnitReportReporter -->
<testsuite hostname="DESKTOP-352SGAD" failures="0" tests="8" name="com.sgtesting.actitime.scenarios.Assignment3ObjectModel" time="25.802" errors="0" timestamp="2021-11-16T14:58:28 IST" skipped="0">
  <testcase classname="com.sgtesting.actitime.scenarios.Assignment3ObjectModel" name="launchBrowser" time="1.266"/>
  <system-out/>
  <testcase classname="com.sgtesting.actitime.scenarios.Assignment3ObjectModel" name="navigate" time="2.535"/>
  <system-out/>
  <testcase classname="com.sgtesting.actitime.scenarios.Assignment3ObjectModel" name="login" time="5.302"/>
  <system-out/>
  <testcase classname="com.sgtesting.actitime.scenarios.Assignment3ObjectModel" name="minimizeFlyOutWindow" time="2.072"/>
  <system-out/>
  <testcase classname="com.sgtesting.actitime.scenarios.Assignment3ObjectModel" name="createcustomer" time="6.865"/>
  <system-out/>
  <testcase classname="com.sgtesting.actitime.scenarios.Assignment3ObjectModel" name="deletecustomer" time="5.035"/>
  <system-out/>
  <testcase classname="com.sgtesting.actitime.scenarios.Assignment3ObjectModel" name="logout" time="2.406"/>
  <system-out/>
  <testcase classname="com.sgtesting.actitime.scenarios.Assignment3ObjectModel" name="closeApplication" time="0.321"/>
  <system-out/>
</testsuite> <!-- com.sgtesting.actitime.scenarios.Assignment3ObjectModel -->
