<?xml version="1.0" encoding="UTF-8"?>
<!-- Generated by org.testng.reporters.JUnitReportReporter -->
<testsuite hostname="DESKTOP-352SGAD" failures="0" tests="11" name="com.sgtesting.actitime.scenarios.Assignment6ObjectModel" time="50.154" errors="0" timestamp="2021-11-16T14:58:28 IST" skipped="0">
  <testcase classname="com.sgtesting.actitime.scenarios.Assignment6ObjectModel" name="launchBrowser" time="1.107"/>
  <system-out/>
  <testcase classname="com.sgtesting.actitime.scenarios.Assignment6ObjectModel" name="navigate" time="1.870"/>
  <system-out/>
  <testcase classname="com.sgtesting.actitime.scenarios.Assignment6ObjectModel" name="login" time="5.244"/>
  <system-out/>
  <testcase classname="com.sgtesting.actitime.scenarios.Assignment6ObjectModel" name="minimizeFlyOutWindow" time="2.091"/>
  <system-out/>
  <testcase classname="com.sgtesting.actitime.scenarios.Assignment6ObjectModel" name="createcustomer" time="7.981"/>
  <system-out/>
  <testcase classname="com.sgtesting.actitime.scenarios.Assignment6ObjectModel" name="createproject" time="5.687"/>
  <system-out/>
  <testcase classname="com.sgtesting.actitime.scenarios.Assignment6ObjectModel" name="modifyproject" time="9.435"/>
  <system-out/>
  <testcase classname="com.sgtesting.actitime.scenarios.Assignment6ObjectModel" name="deleteproject" time="7.010"/>
  <system-out/>
  <testcase classname="com.sgtesting.actitime.scenarios.Assignment6ObjectModel" name="deletecustomer" time="7.003"/>
  <system-out/>
  <testcase classname="com.sgtesting.actitime.scenarios.Assignment6ObjectModel" name="logout" time="2.428"/>
  <system-out/>
  <testcase classname="com.sgtesting.actitime.scenarios.Assignment6ObjectModel" name="closeApplication" time="0.298"/>
  <system-out/>
</testsuite> <!-- com.sgtesting.actitime.scenarios.Assignment6ObjectModel -->
