<?xml version="1.0" encoding="UTF-8"?>
<!-- Generated by org.testng.reporters.JUnitReportReporter -->
<testsuite hostname="DESKTOP-352SGAD" failures="0" tests="9" name="com.sgtesting.actitime.scenarios.Assignment4ObjectModel" time="30.841" errors="0" timestamp="2021-11-16T14:58:28 IST" skipped="0">
  <testcase classname="com.sgtesting.actitime.scenarios.Assignment4ObjectModel" name="launchBrowser" time="1.029"/>
  <system-out/>
  <testcase classname="com.sgtesting.actitime.scenarios.Assignment4ObjectModel" name="navigate" time="2.224"/>
  <system-out/>
  <testcase classname="com.sgtesting.actitime.scenarios.Assignment4ObjectModel" name="login" time="5.236"/>
  <system-out/>
  <testcase classname="com.sgtesting.actitime.scenarios.Assignment4ObjectModel" name="minimizeFlyOutWindow" time="2.182"/>
  <system-out/>
  <testcase classname="com.sgtesting.actitime.scenarios.Assignment4ObjectModel" name="createcustomer" time="7.869"/>
  <system-out/>
  <testcase classname="com.sgtesting.actitime.scenarios.Assignment4ObjectModel" name="modifycustomer" time="3.725"/>
  <system-out/>
  <testcase classname="com.sgtesting.actitime.scenarios.Assignment4ObjectModel" name="deletecustomer" time="6.013"/>
  <system-out/>
  <testcase classname="com.sgtesting.actitime.scenarios.Assignment4ObjectModel" name="logout" time="2.285"/>
  <system-out/>
  <testcase classname="com.sgtesting.actitime.scenarios.Assignment4ObjectModel" name="closeApplication" time="0.278"/>
  <system-out/>
</testsuite> <!-- com.sgtesting.actitime.scenarios.Assignment4ObjectModel -->
