<?xml version="1.0" encoding="UTF-8"?>
<!-- Generated by org.testng.reporters.JUnitReportReporter -->
<testsuite hostname="DESKTOP-352SGAD" failures="0" tests="9" name="com.sgtesting.actitime.scenarios.Assignment2ObjectModel" time="42.615" errors="0" timestamp="2021-11-16T14:58:28 IST" skipped="0">
  <testcase classname="com.sgtesting.actitime.scenarios.Assignment2ObjectModel" name="launchBrowser" time="1.101"/>
  <system-out/>
  <testcase classname="com.sgtesting.actitime.scenarios.Assignment2ObjectModel" name="navigate" time="3.409"/>
  <system-out/>
  <testcase classname="com.sgtesting.actitime.scenarios.Assignment2ObjectModel" name="login" time="5.233"/>
  <system-out/>
  <testcase classname="com.sgtesting.actitime.scenarios.Assignment2ObjectModel" name="minimizeFlyOutWindow" time="2.181"/>
  <system-out/>
  <testcase classname="com.sgtesting.actitime.scenarios.Assignment2ObjectModel" name="createUser1" time="10.114"/>
  <system-out/>
  <testcase classname="com.sgtesting.actitime.scenarios.Assignment2ObjectModel" name="modifyUser1" time="6.516"/>
  <system-out/>
  <testcase classname="com.sgtesting.actitime.scenarios.Assignment2ObjectModel" name="deleteUser1" time="11.313"/>
  <system-out/>
  <testcase classname="com.sgtesting.actitime.scenarios.Assignment2ObjectModel" name="logout" time="2.453"/>
  <system-out/>
  <testcase classname="com.sgtesting.actitime.scenarios.Assignment2ObjectModel" name="closeApplication" time="0.295"/>
  <system-out/>
</testsuite> <!-- com.sgtesting.actitime.scenarios.Assignment2ObjectModel -->
