<?xml version="1.0" encoding="UTF-8"?>
<!-- Generated by org.testng.reporters.JUnitReportReporter -->
<testsuite hostname="DESKTOP-352SGAD" failures="0" tests="10" name="com.sgtesting.actitime.scenarios.Assignment5ObjectModel" time="40.722" errors="0" timestamp="2021-11-16T14:58:28 IST" skipped="0">
  <testcase classname="com.sgtesting.actitime.scenarios.Assignment5ObjectModel" name="launchBrowser" time="1.121"/>
  <system-out/>
  <testcase classname="com.sgtesting.actitime.scenarios.Assignment5ObjectModel" name="navigate" time="1.862"/>
  <system-out/>
  <testcase classname="com.sgtesting.actitime.scenarios.Assignment5ObjectModel" name="login" time="5.236"/>
  <system-out/>
  <testcase classname="com.sgtesting.actitime.scenarios.Assignment5ObjectModel" name="minimizeFlyOutWindow" time="2.183"/>
  <system-out/>
  <testcase classname="com.sgtesting.actitime.scenarios.Assignment5ObjectModel" name="createcustomer" time="7.982"/>
  <system-out/>
  <testcase classname="com.sgtesting.actitime.scenarios.Assignment5ObjectModel" name="createproject" time="5.665"/>
  <system-out/>
  <testcase classname="com.sgtesting.actitime.scenarios.Assignment5ObjectModel" name="deleteproject" time="7.005"/>
  <system-out/>
  <testcase classname="com.sgtesting.actitime.scenarios.Assignment5ObjectModel" name="deletecustomer" time="7.018"/>
  <system-out/>
  <testcase classname="com.sgtesting.actitime.scenarios.Assignment5ObjectModel" name="logout" time="2.347"/>
  <system-out/>
  <testcase classname="com.sgtesting.actitime.scenarios.Assignment5ObjectModel" name="closeApplication" time="0.303"/>
  <system-out/>
</testsuite> <!-- com.sgtesting.actitime.scenarios.Assignment5ObjectModel -->
