<?xml version="1.0" encoding="UTF-8"?>
<!-- Generated by org.testng.reporters.JUnitReportReporter -->
<testsuite hostname="DESKTOP-352SGAD" failures="0" tests="2" name="com.sgtesting.tests.annotationssummary.AnnotationsSummary" time="0.013" errors="0" timestamp="2021-11-15T16:54:57 IST" skipped="0">
  <testcase classname="com.sgtesting.tests.annotationssummary.AnnotationsSummary" name="test1_Annotations" time="0.010"/>
  <system-out/>
  <testcase classname="com.sgtesting.tests.annotationssummary.AnnotationsSummary" name="test2_Annotations" time="0.003"/>
  <system-out/>
</testsuite> <!-- com.sgtesting.tests.annotationssummary.AnnotationsSummary -->
