<?xml version="1.0" encoding="UTF-8"?>
<!-- Generated by org.testng.reporters.JUnitReportReporter -->
<testsuite hostname="DESKTOP-352SGAD" failures="0" tests="1" name="com.sgtesting.actitime.driverscript.DriverScript" time="441.619" errors="0" timestamp="2021-11-27T15:32:48 IST" skipped="0">
  <testcase classname="com.sgtesting.actitime.driverscript.DriverScript" name="executeScenarios" time="441.619"/>
  <system-out/>
</testsuite> <!-- com.sgtesting.actitime.driverscript.DriverScript -->
